[2024-11-30T04:32:59.079Z] [32minfo[39m: Response sent
[2024-11-30T04:34:11.955Z] [32minfo[39m: Response sent
[2024-11-30T04:35:21.256Z] [32minfo[39m: Response sent
[2024-11-30T05:06:16.998Z] [32minfo[39m: Response sent
[2024-11-30T05:08:27.613Z] [32minfo[39m: Response sent
[2024-11-30T05:09:05.296Z] [32minfo[39m: Response sent
[2024-11-30T05:09:15.041Z] [32minfo[39m: Response sent
[2024-11-30T05:10:50.725Z] [32minfo[39m: Response sent
[2024-11-30T05:11:02.540Z] [32minfo[39m: Response sent
[2024-11-30T05:14:33.098Z] [32minfo[39m: Response sent
{
  "method": "GET",
  "url": "/api/offenders/hedlon",
  "statusCode": 404,
  "responseBody": "{\"error\":\"Offender not found\"}",
  "requestBody": {},
  "queryParams": {},
  "headers": {
    "accept": "*/*",
    "host": "localhost:5000",
    "user-agent": "PostmanRuntime/7.43.0",
    "accept-encoding": "gzip, deflate, br",
    "authorization": "eyJhbGciOiJIUzI1NiIsInR5cCI6IkpXVCJ9.eyJ1c2VySWQiOiI2NzRhODM1MzZjZjZkZWE1NzY4NThjOWEiLCJyb2xlIjoidXNlciIsImlhdCI6MTczMjk0MTI1MSwiZXhwIjoxNzMyOTQ0ODUxfQ.7ut6Ofb7PLGQMe3TF6QOmv7VEYVwUm3_DJAC1ixjwXI",
    "x-request-id": "352d0c6c62acd04c6866d2f65bdb1206",
    "x-real-ip": "10.240.3.196",
    "x-forwarded-port": "443",
    "x-forwarded-scheme": "https",
    "x-original-uri": "/api/offenders/hedlon",
    "x-scheme": "https",
    "postman-token": "379eaffd-9a03-46dd-b190-52408de12306",
    "x-original-proto": "https",
    "x-forwarded-proto": "https",
    "x-forwarded-host": "effective-telegram-g664659pgqp2wj4j-5000.app.github.dev",
    "x-forwarded-for": "10.240.3.196",
    "proxy-connection": "Keep-Alive"
  }
}
